2025-03-17T10:01:03.231Z info: Starting Telegram bot service
2025-03-17T10:01:03.239Z info: Telegram bot service started successfully
2025-03-17T10:01:25.118Z error: Polling error: EFATAL: AggregateError
2025-03-17T10:01:25.120Z info: Attempting to reconnect (1/5) in 5 seconds
2025-03-17T10:01:30.126Z info: Restarting Telegram bot service
2025-03-17T10:01:46.720Z error: Polling error: EFATAL: AggregateError
2025-03-17T10:01:46.721Z info: Attempting to reconnect (2/5) in 10 seconds
2025-03-17T10:01:46.722Z info: Starting Telegram bot service
2025-03-17T10:01:46.723Z info: Telegram bot service started successfully
2025-03-17T10:01:56.734Z info: Restarting Telegram bot service
2025-03-17T10:02:08.023Z error: Polling error: EFATAL: AggregateError
2025-03-17T10:02:08.025Z info: Attempting to reconnect (1/5) in 5 seconds
2025-03-17T10:02:08.027Z info: Starting Telegram bot service
2025-03-17T10:02:08.030Z info: Telegram bot service started successfully
2025-03-17T10:02:13.027Z info: Restarting Telegram bot service
2025-03-17T10:02:29.653Z error: Polling error: EFATAL: AggregateError
2025-03-17T10:02:29.653Z info: Attempting to reconnect (1/5) in 5 seconds
2025-03-17T10:02:29.654Z info: Starting Telegram bot service
2025-03-17T10:02:29.655Z info: Telegram bot service started successfully
2025-03-17T10:02:34.666Z info: Restarting Telegram bot service
2025-03-17T10:02:46.166Z info: Shutting down Telegram bot service
